The system is: Windows - 10.0.19041 - AMD64
Compiling the C compiler identification source file "CMakeCCompilerId.c" succeeded.
Compiler: C:/Program Files (x86)/Microsoft Visual Studio/2019/Community/VC/Tools/MSVC/14.28.29333/bin/Hostx64/x64/cl.exe 
Build flags: 
Id flags:  

The output was:
0
Microsoft (R) C/C++ Optimizing Compiler Version 19.28.29334 for x64
Copyright (C) Microsoft Corporation.  All rights reserved.

CMakeCCompilerId.c
Microsoft (R) Incremental Linker Version 14.28.29334.0
Copyright (C) Microsoft Corporation.  All rights reserved.

/out:CMakeCCompilerId.exe 
CMakeCCompilerId.obj 


Compilation of the C compiler identification source "CMakeCCompilerId.c" produced "CMakeCCompilerId.exe"

Compilation of the C compiler identification source "CMakeCCompilerId.c" produced "CMakeCCompilerId.obj"

The C compiler identification is MSVC, found in "C:/Users/José Silva/Desktop/jasper-2.0.14/jasper-2.0.14/out/build/x64-Debug (default)/CMakeFiles/3.18.20081302-MSVC_2/CompilerIdC/CMakeCCompilerId.exe"

Detecting C compiler ABI info compiled with the following output:
Change Dir: C:/Users/José Silva/Desktop/jasper-2.0.14/jasper-2.0.14/out/build/x64-Debug (default)/CMakeFiles/CMakeTmp

Run Build Command(s):C:/Program Files (x86)/Microsoft Visual Studio/2019/Community/Common7/IDE/CommonExtensions/Microsoft/CMake/Ninja/ninja.exe cmTC_cdb4c && [1/2] Building C object CMakeFiles\cmTC_cdb4c.dir\CMakeCCompilerABI.c.obj
[2/2] Linking C executable cmTC_cdb4c.exe



Determining if files fcntl.h exist passed with the following output:
Change Dir: C:/Users/José Silva/Desktop/jasper-2.0.14/jasper-2.0.14/out/build/x64-Debug (default)/CMakeFiles/CMakeTmp

Run Build Command(s):C:/Program Files (x86)/Microsoft Visual Studio/2019/Community/Common7/IDE/CommonExtensions/Microsoft/CMake/Ninja/ninja.exe cmTC_88bd3 && [1/2] Building C object CMakeFiles\cmTC_88bd3.dir\JAS_HAVE_FCNTL_H.c.obj
[2/2] Linking C executable cmTC_88bd3.exe



Determining if files io.h exist passed with the following output:
Change Dir: C:/Users/José Silva/Desktop/jasper-2.0.14/jasper-2.0.14/out/build/x64-Debug (default)/CMakeFiles/CMakeTmp

Run Build Command(s):C:/Program Files (x86)/Microsoft Visual Studio/2019/Community/Common7/IDE/CommonExtensions/Microsoft/CMake/Ninja/ninja.exe cmTC_7766e && [1/2] Building C object CMakeFiles\cmTC_7766e.dir\JAS_HAVE_IO_H.c.obj
[2/2] Linking C executable cmTC_7766e.exe



Determining if files windows.h exist passed with the following output:
Change Dir: C:/Users/José Silva/Desktop/jasper-2.0.14/jasper-2.0.14/out/build/x64-Debug (default)/CMakeFiles/CMakeTmp

Run Build Command(s):C:/Program Files (x86)/Microsoft Visual Studio/2019/Community/Common7/IDE/CommonExtensions/Microsoft/CMake/Ninja/ninja.exe cmTC_a59c4 && [1/2] Building C object CMakeFiles\cmTC_a59c4.dir\JAS_HAVE_WINDOWS_H.c.obj
[2/2] Linking C executable cmTC_a59c4.exe



Determining if files sys/types.h exist passed with the following output:
Change Dir: C:/Users/José Silva/Desktop/jasper-2.0.14/jasper-2.0.14/out/build/x64-Debug (default)/CMakeFiles/CMakeTmp

Run Build Command(s):C:/Program Files (x86)/Microsoft Visual Studio/2019/Community/Common7/IDE/CommonExtensions/Microsoft/CMake/Ninja/ninja.exe cmTC_30916 && [1/2] Building C object CMakeFiles\cmTC_30916.dir\JAS_HAVE_SYS_TYPES_H.c.obj
[2/2] Linking C executable cmTC_30916.exe



