  jas_cm.c
C:\Users\José Silva\Desktop\jasper-1.701.0\src\libjasper\base\jas_cm.c(551,33): warning C4244: '=': conversion from 'jas_cmreal_t' to 'long', possible loss of data
C:\Users\José Silva\Desktop\jasper-1.701.0\src\libjasper\base\jas_cm.c(911,15): warning C4244: '=': conversion from 'double' to 'int', possible loss of data
C:\Users\José Silva\Desktop\jasper-1.701.0\src\libjasper\base\jas_cm.c(914,14): warning C4244: '=': conversion from 'double' to 'int', possible loss of data
  jas_debug.c
  jas_getopt.c
  jas_icc.c
C:\Users\José Silva\Desktop\jasper-1.701.0\src\libjasper\base\jas_icc.c(1191,22): warning C4996: 'strdup': The POSIX name for this item is deprecated. Instead, use the ISO C and C++ conformant name: _strdup. See online help for details.
C:\Users\José Silva\Desktop\jasper-1.701.0\src\libjasper\base\jas_icc.c(1603,12): warning C4244: '=': conversion from 'UINT64' to 'jas_iccuint16_t', possible loss of data
C:\Users\José Silva\Desktop\jasper-1.701.0\src\libjasper\base\jas_icc.c(1613,48): warning C4244: '=': conversion from 'INT64' to 'jas_iccsint32_t', possible loss of data
C:\Users\José Silva\Desktop\jasper-1.701.0\src\libjasper\base\jas_icc.c(1622,12): warning C4244: '=': conversion from 'UINT64' to 'jas_iccuint32_t', possible loss of data
  jas_iccdata.c
  jas_image.c
  jas_init.c
  jas_malloc.c
  jas_seq.c
  jas_stream.c
C:\Users\José Silva\Desktop\jasper-1.701.0\src\libjasper\base\jas_stream.c(285,17): warning C4996: 'open': The POSIX name for this item is deprecated. Instead, use the ISO C and C++ conformant name: _open. See online help for details.
C:\Users\José Silva\Desktop\jasper-1.701.0\src\libjasper\base\jas_stream.c(368,2): warning C4996: 'tmpnam': This function or variable may be unsafe. Consider using tmpnam_s instead. To disable deprecation, use _CRT_SECURE_NO_WARNINGS. See online help for details.
C:\Users\José Silva\Desktop\jasper-1.701.0\src\libjasper\base\jas_stream.c(371,17): warning C4996: 'open': The POSIX name for this item is deprecated. Instead, use the ISO C and C++ conformant name: _open. See online help for details.
C:\Users\José Silva\Desktop\jasper-1.701.0\src\libjasper\base\jas_stream.c(383,6): warning C4996: 'unlink': The POSIX name for this item is deprecated. Instead, use the ISO C and C++ conformant name: _unlink. See online help for details.
C:\Users\José Silva\Desktop\jasper-1.701.0\src\libjasper\base\jas_stream.c(422,3): warning C4996: 'setmode': The POSIX name for this item is deprecated. Instead, use the ISO C and C++ conformant name: _setmode. See online help for details.
C:\Users\José Silva\Desktop\jasper-1.701.0\src\libjasper\base\jas_stream.c(556,8): warning C4996: 'vsprintf': This function or variable may be unsafe. Consider using vsprintf_s instead. To disable deprecation, use _CRT_SECURE_NO_WARNINGS. See online help for details.
C:\Users\José Silva\Desktop\jasper-1.701.0\src\libjasper\base\jas_stream.c(1093,9): warning C4996: 'read': The POSIX name for this item is deprecated. Instead, use the ISO C and C++ conformant name: _read. See online help for details.
C:\Users\José Silva\Desktop\jasper-1.701.0\src\libjasper\base\jas_stream.c(1099,9): warning C4996: 'write': The POSIX name for this item is deprecated. Instead, use the ISO C and C++ conformant name: _write. See online help for details.
C:\Users\José Silva\Desktop\jasper-1.701.0\src\libjasper\base\jas_stream.c(1105,9): warning C4996: 'lseek': The POSIX name for this item is deprecated. Instead, use the ISO C and C++ conformant name: _lseek. See online help for details.
C:\Users\José Silva\Desktop\jasper-1.701.0\src\libjasper\base\jas_stream.c(1112,8): warning C4996: 'close': The POSIX name for this item is deprecated. Instead, use the ISO C and C++ conformant name: _close. See online help for details.
C:\Users\José Silva\Desktop\jasper-1.701.0\src\libjasper\base\jas_stream.c(1114,3): warning C4996: 'unlink': The POSIX name for this item is deprecated. Instead, use the ISO C and C++ conformant name: _unlink. See online help for details.
  jas_string.c
C:\Users\José Silva\Desktop\jasper-1.701.0\src\libjasper\base\jas_string.c(94,8): warning C4996: 'strcpy': This function or variable may be unsafe. Consider using strcpy_s instead. To disable deprecation, use _CRT_SECURE_NO_WARNINGS. See online help for details.
  jas_tvp.c
  jas_version.c
  bmp_cod.c
  bmp_dec.c
  bmp_enc.c
  jp2_cod.c
C:\Users\José Silva\Desktop\jasper-1.701.0\src\libjasper\jp2\jp2_cod.c(265,20): warning C4244: '=': conversion from 'uint_fast64_t' to 'uint_fast32_t', possible loss of data
  jp2_dec.c
  jp2_enc.c
C:\Users\José Silva\Desktop\jasper-1.701.0\src\libjasper\jp2\jp2_enc.c(346,2): warning C4996: 'sprintf': This function or variable may be unsafe. Consider using sprintf_s instead. To disable deprecation, use _CRT_SECURE_NO_WARNINGS. See online help for details.
  jpc_bs.c
  Generating Code...
  Compiling...
  jpc_cs.c
C:\Users\José Silva\Desktop\jasper-1.701.0\src\libjasper\jpc\jpc_cs.c(692,36): warning C4244: 'function': conversion from 'uint_fast16_t' to 'uint_fast8_t', possible loss of data
C:\Users\José Silva\Desktop\jasper-1.701.0\src\libjasper\jpc\jpc_cs.c(826,36): warning C4244: 'function': conversion from 'uint_fast16_t' to 'uint_fast8_t', possible loss of data
C:\Users\José Silva\Desktop\jasper-1.701.0\src\libjasper\jpc\jpc_cs.c(923,32): warning C4244: 'function': conversion from 'uint_fast16_t' to 'uint_fast8_t', possible loss of data
C:\Users\José Silva\Desktop\jasper-1.701.0\src\libjasper\jpc\jpc_cs.c(1284,40): warning C4244: 'function': conversion from 'uint_fast16_t' to 'uint_fast8_t', possible loss of data
C:\Users\José Silva\Desktop\jasper-1.701.0\src\libjasper\jpc\jpc_cs.c(1289,38): warning C4244: 'function': conversion from 'uint_fast16_t' to 'uint_fast8_t', possible loss of data
  jpc_dec.c
  jpc_enc.c
C:\Users\José Silva\Desktop\jasper-1.701.0\src\libjasper\jpc\jpc_enc.c(800,23): warning C4244: '=': conversion from 'jpc_flt_t' to 'uint_fast32_t', possible loss of data
C:\Users\José Silva\Desktop\jasper-1.701.0\src\libjasper\jpc\jpc_enc.c(966,24): warning C4267: '=': conversion from 'size_t' to 'uint_fast16_t', possible loss of data
C:\Users\José Silva\Desktop\jasper-1.701.0\src\libjasper\jpc\jpc_enc.c(1036,74): warning C4244: '=': conversion from 'uint_fast16_t' to 'uint_fast8_t', possible loss of data
C:\Users\José Silva\Desktop\jasper-1.701.0\src\libjasper\jpc\jpc_enc.c(1037,76): warning C4244: '=': conversion from 'uint_fast16_t' to 'uint_fast8_t', possible loss of data
C:\Users\José Silva\Desktop\jasper-1.701.0\src\libjasper\jpc\jpc_enc.c(964,2): warning C4996: 'sprintf': This function or variable may be unsafe. Consider using sprintf_s instead. To disable deprecation, use _CRT_SECURE_NO_WARNINGS. See online help for details.
C:\Users\José Silva\Desktop\jasper-1.701.0\src\libjasper\jpc\jpc_enc.c(1395,36): warning C4244: '=': conversion from 'double' to 'uint_fast32_t', possible loss of data
C:\Users\José Silva\Desktop\jasper-1.701.0\src\libjasper\jpc\jpc_enc.c(1399,31): warning C4244: '=': conversion from 'double' to 'uint_fast32_t', possible loss of data
C:\Users\José Silva\Desktop\jasper-1.701.0\src\libjasper\jpc\jpc_enc.c(1402,48): warning C4244: '=': conversion from 'double' to 'uint_fast32_t', possible loss of data
C:\Users\José Silva\Desktop\jasper-1.701.0\src\libjasper\jpc\jpc_enc.c(2299,42): warning C4018: '<': signed/unsigned mismatch
C:\Users\José Silva\Desktop\jasper-1.701.0\src\libjasper\jpc\jpc_enc.c(2308,42): warning C4018: '<': signed/unsigned mismatch
C:\Users\José Silva\Desktop\jasper-1.701.0\src\libjasper\jpc\jpc_enc.c(2331,43): warning C4018: '<': signed/unsigned mismatch
C:\Users\José Silva\Desktop\jasper-1.701.0\src\libjasper\jpc\jpc_enc.c(2391,13): warning C4018: '>': signed/unsigned mismatch
C:\Users\José Silva\Desktop\jasper-1.701.0\src\libjasper\jpc\jpc_enc.c(2392,13): warning C4018: '>': signed/unsigned mismatch
C:\Users\José Silva\Desktop\jasper-1.701.0\src\libjasper\jpc\jpc_enc.c(2393,1): warning C4018: '<': signed/unsigned mismatch
C:\Users\José Silva\Desktop\jasper-1.701.0\src\libjasper\jpc\jpc_enc.c(2395,1): warning C4018: '<': signed/unsigned mismatch
C:\Users\José Silva\Desktop\jasper-1.701.0\src\libjasper\jpc\jpc_enc.c(2431,46): warning C4018: '<': signed/unsigned mismatch
C:\Users\José Silva\Desktop\jasper-1.701.0\src\libjasper\jpc\jpc_enc.c(2440,46): warning C4018: '<': signed/unsigned mismatch
C:\Users\José Silva\Desktop\jasper-1.701.0\src\libjasper\jpc\jpc_enc.c(2473,46): warning C4018: '<': signed/unsigned mismatch
C:\Users\José Silva\Desktop\jasper-1.701.0\src\libjasper\jpc\jpc_enc.c(2609,45): warning C4018: '<': signed/unsigned mismatch
C:\Users\José Silva\Desktop\jasper-1.701.0\src\libjasper\jpc\jpc_enc.c(2615,49): warning C4018: '<': signed/unsigned mismatch
  jpc_math.c
  jpc_mct.c
  jpc_mqcod.c
  jpc_mqdec.c
  jpc_mqenc.c
  jpc_qmfb.c
  jpc_t1cod.c
C:\Users\José Silva\Desktop\jasper-1.701.0\src\libjasper\jpc\jpc_t1cod.c(267,43): warning C4244: '=': conversion from 'double' to 'float', possible loss of data
C:\Users\José Silva\Desktop\jasper-1.701.0\src\libjasper\jpc\jpc_t1cod.c(269,14): warning C4244: '=': conversion from 'double' to 'float', possible loss of data
C:\Users\José Silva\Desktop\jasper-1.701.0\src\libjasper\jpc\jpc_t1cod.c(273,14): warning C4244: '=': conversion from 'double' to 'float', possible loss of data
C:\Users\José Silva\Desktop\jasper-1.701.0\src\libjasper\jpc\jpc_t1cod.c(275,15): warning C4244: '=': conversion from 'double' to 'float', possible loss of data
C:\Users\José Silva\Desktop\jasper-1.701.0\src\libjasper\jpc\jpc_t1cod.c(277,15): warning C4244: '=': conversion from 'double' to 'float', possible loss of data
  jpc_t1dec.c
  jpc_t1enc.c
C:\Users\José Silva\Desktop\jasper-1.701.0\src\libjasper\jpc\jpc_t1enc.c(141,45): warning C4018: '<': signed/unsigned mismatch
  jpc_t2cod.c
  jpc_t2dec.c
  jpc_t2enc.c
  jpc_tagtree.c
  jpc_tsfb.c
  jpc_util.c
C:\Users\José Silva\Desktop\jasper-1.701.0\src\libjasper\jpc\jpc_util.c(99,2): warning C4996: 'strncpy': This function or variable may be unsafe. Consider using strncpy_s instead. To disable deprecation, use _CRT_SECURE_NO_WARNINGS. See online help for details.
C:\Users\José Silva\Desktop\jasper-1.701.0\src\libjasper\jpc\jpc_util.c(102,12): warning C4996: 'strtok': This function or variable may be unsafe. Consider using strtok_s instead. To disable deprecation, use _CRT_SECURE_NO_WARNINGS. See online help for details.
C:\Users\José Silva\Desktop\jasper-1.701.0\src\libjasper\jpc\jpc_util.c(104,16): warning C4996: 'strtok': This function or variable may be unsafe. Consider using strtok_s instead. To disable deprecation, use _CRT_SECURE_NO_WARNINGS. See online help for details.
C:\Users\José Silva\Desktop\jasper-1.701.0\src\libjasper\jpc\jpc_util.c(116,3): warning C4996: 'strncpy': This function or variable may be unsafe. Consider using strncpy_s instead. To disable deprecation, use _CRT_SECURE_NO_WARNINGS. See online help for details.
C:\Users\José Silva\Desktop\jasper-1.701.0\src\libjasper\jpc\jpc_util.c(119,13): warning C4996: 'strtok': This function or variable may be unsafe. Consider using strtok_s instead. To disable deprecation, use _CRT_SECURE_NO_WARNINGS. See online help for details.
C:\Users\José Silva\Desktop\jasper-1.701.0\src\libjasper\jpc\jpc_util.c(122,17): warning C4996: 'strtok': This function or variable may be unsafe. Consider using strtok_s instead. To disable deprecation, use _CRT_SECURE_NO_WARNINGS. See online help for details.
  jpg_dummy.c
  jpg_val.c
  Generating Code...
  Compiling...
  mif_cod.c
  pgx_cod.c
  pgx_dec.c
  pgx_enc.c
  pnm_cod.c
  pnm_dec.c
C:\Users\José Silva\Desktop\jasper-1.701.0\src\libjasper\pnm\pnm_dec.c(355,6): warning C4244: '=': conversion from 'int_fast64_t' to 'jas_seqent_t', possible loss of data
  pnm_enc.c
C:\Users\José Silva\Desktop\jasper-1.701.0\src\libjasper\pnm\pnm_enc.c(377,10): warning C4996: 'sprintf': This function or variable may be unsafe. Consider using sprintf_s instead. To disable deprecation, use _CRT_SECURE_NO_WARNINGS. See online help for details.
  ras_cod.c
  ras_dec.c
  ras_enc.c
  Generating Code...
  libjasper.vcxproj -> C:\Users\José Silva\Desktop\jasper-1.701.0\src\msvc\Win32_Release\libjasper.lib
